mktextfm ecrm1000
mktextfm phvr8t
mktextfm phvr8t
mktextfm phvr8t
mktextfm phvb8t
mktextfm nullfont
mktextfm phvr8t
mktextfm phvr8t
mktextfm phvb8t
mktextfm nullfont
mktextfm phvro8t
mktextfm nullfont
mktextfm phvb8t
mktextfm nullfont
mktextfm phvb8t
mktextfm nullfont
mktextfm phvr8t
mktextfm ectt1000
mktextfm ecrm1000
mktextfm phvr8t
mktextfm phvr8t
mktextfm phvr8t
mktextfm phvb8t
mktextfm nullfont
mktextfm phvr8t
mktextfm phvr8t
mktextfm phvb8t
mktextfm nullfont
mktextfm phvro8t
mktextfm nullfont
mktextfm phvb8t
mktextfm nullfont
mktextfm phvb8t
mktextfm nullfont
mktextfm phvr8t
mktextfm ectt1000
mktextfm ecrm1000
mktextfm phvr8t
mktextfm phvr8t
mktextfm phvr8t
mktextfm phvb8t
mktextfm nullfont
mktextfm phvr8t
mktextfm phvr8t
mktextfm phvb8t
mktextfm nullfont
mktextfm phvro8t
mktextfm nullfont
mktextfm phvb8t
mktextfm nullfont
mktextfm phvb8t
mktextfm nullfont
mktextfm phvr8t
mktextfm ectt1000
mktextfm ecrm1000
mktextfm ecss1000
mktextfm ecss1728
mktextfm ecss1440
mktextfm ecsx1440
mktextfm ecss1200
mktextfm ecss1095
mktextfm ecsx1095
mktextfm ecsi1000
mktextfm ecsx1000
mktextfm ecsx1200
mktextfm ecss0700
mktextfm ectt1000
